<?xml version="1.0" encoding="UTF-8"?>
<testng-results skipped="0" failed="0" ignored="0" total="3" passed="3">
  <reporter-output>
  </reporter-output>
  <suite name="Default suite" duration-ms="8503" started-at="2020-09-16T18:09:44 IST" finished-at="2020-09-16T18:09:52 IST">
    <groups>
    </groups>
    <test name="Default test" duration-ms="8503" started-at="2020-09-16T18:09:44 IST" finished-at="2020-09-16T18:09:52 IST">
      <class name="Testng.Apichaining">
        <test-method status="PASS" signature="initialize()[pri:0, instance:Testng.Apichaining@4d50efb8]" name="initialize" is-config="true" duration-ms="130" started-at="2020-09-16T18:09:44 IST" finished-at="2020-09-16T18:09:44 IST">
          <reporter-output>
          </reporter-output>
        </test-method> <!-- initialize -->
        <test-method status="PASS" signature="getrequest()[pri:0, instance:Testng.Apichaining@4d50efb8]" name="getrequest" duration-ms="4366" started-at="2020-09-16T18:09:44 IST" finished-at="2020-09-16T18:09:48 IST">
          <reporter-output>
          </reporter-output>
        </test-method> <!-- getrequest -->
        <test-method status="PASS" signature="getreq()[pri:1, instance:Testng.Apichaining@4d50efb8]" name="getreq" duration-ms="2516" started-at="2020-09-16T18:09:48 IST" finished-at="2020-09-16T18:09:51 IST">
          <reporter-output>
          </reporter-output>
        </test-method> <!-- getreq -->
        <test-method status="PASS" signature="putreq()[pri:2, instance:Testng.Apichaining@4d50efb8]" name="putreq" duration-ms="1559" started-at="2020-09-16T18:09:51 IST" finished-at="2020-09-16T18:09:52 IST">
          <reporter-output>
          </reporter-output>
        </test-method> <!-- putreq -->
        <test-method status="PASS" signature="terminate()[pri:0, instance:Testng.Apichaining@4d50efb8]" name="terminate" is-config="true" duration-ms="394" started-at="2020-09-16T18:09:52 IST" finished-at="2020-09-16T18:09:53 IST">
          <reporter-output>
          </reporter-output>
        </test-method> <!-- terminate -->
      </class> <!-- Testng.Apichaining -->
    </test> <!-- Default test -->
  </suite> <!-- Default suite -->
</testng-results>
