<?xml version="1.0" encoding="UTF-8"?>
<!-- Generated by org.testng.reporters.JUnitXMLReporter -->
<testsuite hostname="DESKTOP-CK5OVN5" ignored="0" name="Default test" tests="3" failures="0" timestamp="2020-09-16T18:09:52 IST" time="8.503" errors="0">
  <testcase name="getrequest" time="4.366" classname="Testng.Practice"/>
  <testcase name="getreq" time="2.516" classname="Testng.Apichaining"/>
  <testcase name="putreq" time="1.559" classname="Testng.Apichaining"/>
</testsuite> <!-- Default test -->
